{"level":"info","message":"GET / 200 [5ms]","timestamp":"2021-12-26 14:56:06"}
{"level":"info","message":"POST / 201 {\"name\":\"TEST_USER\",\"login\":\"test_user\",\"password\":\"T35t_P@55w0rd\"} [3ms]","timestamp":"2021-12-26 14:56:06"}
{"level":"info","message":"GET /eac2a84d-6399-4c0e-bd30-2d1c1b76269e 200 [2ms]","timestamp":"2021-12-26 14:56:06"}
{"level":"info","message":"DELETE /eac2a84d-6399-4c0e-bd30-2d1c1b76269e 204 [1ms]","timestamp":"2021-12-26 14:56:06"}
{"level":"info","message":"POST / 201 {\"name\":\"TEST_USER\",\"login\":\"test_user\",\"password\":\"T35t_P@55w0rd\"} [1ms]","timestamp":"2021-12-26 14:56:06"}
{"level":"info","message":"DELETE /a8dbb45c-31a1-4179-93ae-cb86e60158b8 204 [2ms]","timestamp":"2021-12-26 14:56:06"}
{"level":"info","message":"POST / 201 {\"name\":\"TEST_USER\",\"login\":\"test_user\",\"password\":\"T35t_P@55w0rd\"} [1ms]","timestamp":"2021-12-26 14:56:06"}
{"level":"info","message":"PUT /f89c96e5-4886-4ad1-bc37-4ba33fc62b9d 200 {\"name\":\"Autotest updated TEST_USER\",\"login\":\"test_user\",\"password\":\"T35t_P@55w0rd\",\"id\":\"f89c96e5-4886-4ad1-bc37-4ba33fc62b9d\"} [1ms]","timestamp":"2021-12-26 14:56:06"}
{"level":"info","message":"GET /f89c96e5-4886-4ad1-bc37-4ba33fc62b9d 200 [1ms]","timestamp":"2021-12-26 14:56:06"}
{"level":"info","message":"DELETE /f89c96e5-4886-4ad1-bc37-4ba33fc62b9d 204 [1ms]","timestamp":"2021-12-26 14:56:06"}
{"level":"info","message":"POST / 201 {\"name\":\"TEST_USER\",\"login\":\"test_user\",\"password\":\"T35t_P@55w0rd\"} [1ms]","timestamp":"2021-12-26 14:56:06"}
{"level":"info","message":"DELETE /7a86b33d-377b-4cc3-a822-7711c8287812 204 [0ms]","timestamp":"2021-12-26 14:56:06"}
{"level":"info","message":"POST / 201 {\"name\":\"TEST_USER\",\"login\":\"test_user\",\"password\":\"T35t_P@55w0rd\"} [1ms]","timestamp":"2021-12-26 14:56:06"}
{"level":"info","message":"POST / 201 {\"title\":\"Autotest board\",\"columns\":[{\"title\":\"Backlog\",\"order\":1},{\"title\":\"Sprint\",\"order\":2}]} [1ms]","timestamp":"2021-12-26 14:56:06"}
{"level":"info","message":"POST / 201 {\"title\":\"Task #2\",\"order\":2,\"description\":\"Lorem ipsum\",\"userId\":\"44e53db6-d82b-4424-ab22-7b711141d7a0\",\"boardId\":\"58de90e8-02aa-4f15-95d3-7ea73154128d\"} [2ms]","timestamp":"2021-12-26 14:56:06"}
{"level":"info","message":"POST / 201 {\"title\":\"Task #1\",\"order\":1,\"description\":\"Lorem ipsum\",\"userId\":\"44e53db6-d82b-4424-ab22-7b711141d7a0\",\"boardId\":\"58de90e8-02aa-4f15-95d3-7ea73154128d\"} [1ms]","timestamp":"2021-12-26 14:56:06"}
{"level":"info","message":"DELETE /44e53db6-d82b-4424-ab22-7b711141d7a0 204 [0ms]","timestamp":"2021-12-26 14:56:06"}
{"level":"info","message":"GET /ea4eadc8-2662-4790-9a84-282141f6a803 200 [1ms]","timestamp":"2021-12-26 14:56:06"}
{"level":"info","message":"GET /e7f935f7-8b79-4448-bb17-6e3e9bfa7010 200 [1ms]","timestamp":"2021-12-26 14:56:06"}
{"level":"info","message":"DELETE /e7f935f7-8b79-4448-bb17-6e3e9bfa7010 204 [1ms]","timestamp":"2021-12-26 14:56:06"}
{"level":"info","message":"DELETE /ea4eadc8-2662-4790-9a84-282141f6a803 204 [1ms]","timestamp":"2021-12-26 14:56:06"}
{"level":"info","message":"DELETE /58de90e8-02aa-4f15-95d3-7ea73154128d 204 [1ms]","timestamp":"2021-12-26 14:56:06"}
{"level":"info","message":"POST / 201 {\"title\":\"Autotest board\",\"columns\":[{\"title\":\"Backlog\",\"order\":1},{\"title\":\"Sprint\",\"order\":2}]} [1ms]","timestamp":"2021-12-26 14:56:06"}
{"level":"info","message":"GET / 200 [1ms]","timestamp":"2021-12-26 14:56:06"}
{"level":"info","message":"GET / 200 [1ms]","timestamp":"2021-12-26 14:56:06"}
{"level":"info","message":"GET /ad97f966-1e5c-4e06-861a-466dcea9155c 200 [1ms]","timestamp":"2021-12-26 14:56:06"}
{"level":"info","message":"POST / 201 {\"title\":\"Autotest board\",\"columns\":[{\"title\":\"Backlog\",\"order\":1},{\"title\":\"Sprint\",\"order\":2}]} [1ms]","timestamp":"2021-12-26 14:56:06"}
{"level":"info","message":"DELETE /6881149d-5473-4c03-b447-ab067d39b63e 204 [1ms]","timestamp":"2021-12-26 14:56:06"}
{"level":"info","message":"POST / 201 {\"title\":\"Autotest board\",\"columns\":[{\"title\":\"Backlog\",\"order\":1},{\"title\":\"Sprint\",\"order\":2}]} [0ms]","timestamp":"2021-12-26 14:56:06"}
{"level":"info","message":"PUT /f6e0c27f-c3b5-45f8-af5b-cf69a642df18 200 {\"id\":\"f6e0c27f-c3b5-45f8-af5b-cf69a642df18\",\"title\":\"Autotest updated board\",\"columns\":[{\"id\":\"fbc8fcd3-5e51-4c85-983d-bbfcfa8d100c\",\"title\":\"Backlog\",\"order\":1},{\"id\":\"4fa377e2-21aa-461d-b570-d110eaae2934\",\"title\":\"Sprint\",\"order\":2}]} [0ms]","timestamp":"2021-12-26 14:56:06"}
{"level":"info","message":"GET /f6e0c27f-c3b5-45f8-af5b-cf69a642df18 200 [1ms]","timestamp":"2021-12-26 14:56:06"}
{"level":"info","message":"DELETE /f6e0c27f-c3b5-45f8-af5b-cf69a642df18 204 [0ms]","timestamp":"2021-12-26 14:56:06"}
{"level":"info","message":"POST / 201 {\"title\":\"Autotest board\",\"columns\":[{\"title\":\"Backlog\",\"order\":1},{\"title\":\"Sprint\",\"order\":2}]} [1ms]","timestamp":"2021-12-26 14:56:06"}
{"level":"info","message":"DELETE /ac85d968-3f32-4e8a-9acc-34831e855269 204 [0ms]","timestamp":"2021-12-26 14:56:06"}
{"level":"info","message":"GET /ac85d968-3f32-4e8a-9acc-34831e855269 404 [1ms]","timestamp":"2021-12-26 14:56:06"}
{"level":"info","message":"POST / 201 {\"title\":\"Autotest board\",\"columns\":[{\"title\":\"Backlog\",\"order\":1},{\"title\":\"Sprint\",\"order\":2}]} [0ms]","timestamp":"2021-12-26 14:56:06"}
{"level":"info","message":"POST / 201 {\"title\":\"Task #1\",\"order\":1,\"description\":\"Lorem ipsum\",\"boardId\":\"ae0558d7-b5f0-47b4-a2f0-35ebcc568e49\",\"userId\":null,\"columnId\":null} [1ms]","timestamp":"2021-12-26 14:56:06"}
{"level":"info","message":"POST / 201 {\"title\":\"Task #2\",\"order\":2,\"description\":\"Lorem ipsum\",\"boardId\":\"ae0558d7-b5f0-47b4-a2f0-35ebcc568e49\",\"userId\":null,\"columnId\":null} [1ms]","timestamp":"2021-12-26 14:56:06"}
{"level":"info","message":"POST / 201 {\"title\":\"Task #4\",\"order\":4,\"description\":\"Lorem ipsum\",\"boardId\":\"ae0558d7-b5f0-47b4-a2f0-35ebcc568e49\",\"userId\":null,\"columnId\":null} [1ms]","timestamp":"2021-12-26 14:56:06"}
{"level":"info","message":"POST / 201 {\"title\":\"Task #5\",\"order\":5,\"description\":\"Lorem ipsum\",\"boardId\":\"ae0558d7-b5f0-47b4-a2f0-35ebcc568e49\",\"userId\":null,\"columnId\":null} [0ms]","timestamp":"2021-12-26 14:56:06"}
{"level":"info","message":"POST / 201 {\"title\":\"Task #3\",\"order\":3,\"description\":\"Lorem ipsum\",\"boardId\":\"ae0558d7-b5f0-47b4-a2f0-35ebcc568e49\",\"userId\":null,\"columnId\":null} [1ms]","timestamp":"2021-12-26 14:56:06"}
{"level":"info","message":"GET /03f47475-343b-4249-8d0e-1ab0e88e799f 200 [1ms]","timestamp":"2021-12-26 14:56:06"}
{"level":"info","message":"GET /ab7fbefe-b761-4477-a324-a5fae70779b5 200 [1ms]","timestamp":"2021-12-26 14:56:06"}
{"level":"info","message":"GET /484b8bec-43cc-4aad-b026-64442bcfb107 200 [0ms]","timestamp":"2021-12-26 14:56:06"}
{"level":"info","message":"GET /fc29052c-e1c3-4366-8081-a57e0775b4ef 200 [1ms]","timestamp":"2021-12-26 14:56:06"}
{"level":"info","message":"GET /afdf084b-e09a-469c-95bd-ed8aad7469e9 200 [1ms]","timestamp":"2021-12-26 14:56:06"}
{"level":"info","message":"DELETE /ae0558d7-b5f0-47b4-a2f0-35ebcc568e49 204 [1ms]","timestamp":"2021-12-26 14:56:06"}
{"level":"info","message":"GET /ab7fbefe-b761-4477-a324-a5fae70779b5 404 [1ms]","timestamp":"2021-12-26 14:56:06"}
{"level":"info","message":"GET /484b8bec-43cc-4aad-b026-64442bcfb107 404 [1ms]","timestamp":"2021-12-26 14:56:06"}
{"level":"info","message":"GET /03f47475-343b-4249-8d0e-1ab0e88e799f 404 [1ms]","timestamp":"2021-12-26 14:56:06"}
{"level":"info","message":"GET /fc29052c-e1c3-4366-8081-a57e0775b4ef 404 [0ms]","timestamp":"2021-12-26 14:56:06"}
{"level":"info","message":"GET /afdf084b-e09a-469c-95bd-ed8aad7469e9 404 [0ms]","timestamp":"2021-12-26 14:56:06"}
{"level":"info","message":"DELETE /ad97f966-1e5c-4e06-861a-466dcea9155c 204 [1ms]","timestamp":"2021-12-26 14:56:06"}
{"level":"info","message":"POST / 201 {\"title\":\"Autotest board\",\"columns\":[{\"title\":\"Backlog\",\"order\":1},{\"title\":\"Sprint\",\"order\":2}]} [1ms]","timestamp":"2021-12-26 14:56:06"}
{"level":"info","message":"POST / 201 {\"title\":\"Autotest task\",\"order\":0,\"description\":\"Lorem ipsum\",\"userId\":null,\"boardId\":null,\"columnId\":null} [2ms]","timestamp":"2021-12-26 14:56:06"}
{"level":"info","message":"GET / 200 [2ms]","timestamp":"2021-12-26 14:56:06"}
{"level":"info","message":"GET / 200 [2ms]","timestamp":"2021-12-26 14:56:06"}
{"level":"info","message":"GET /fab55b4a-f678-4ae3-a9e9-67fc37a9600a 200 [1ms]","timestamp":"2021-12-26 14:56:06"}
{"level":"info","message":"POST / 201 {\"title\":\"Autotest task\",\"order\":0,\"description\":\"Lorem ipsum\",\"userId\":null,\"boardId\":null,\"columnId\":null} [0ms]","timestamp":"2021-12-26 14:56:06"}
{"level":"info","message":"DELETE /c86235ab-63f8-4db1-a0de-a76daa86e81a 204 [0ms]","timestamp":"2021-12-26 14:56:06"}
{"level":"info","message":"POST / 201 {\"title\":\"Autotest task\",\"order\":0,\"description\":\"Lorem ipsum\",\"userId\":null,\"boardId\":null,\"columnId\":null} [0ms]","timestamp":"2021-12-26 14:56:06"}
{"level":"info","message":"PUT /c6e3167e-7f0f-4dac-9bd4-c96833c47eab 200 {\"id\":\"c6e3167e-7f0f-4dac-9bd4-c96833c47eab\",\"title\":\"Autotest updated task\",\"description\":\"Lorem ipsum\",\"order\":0,\"userId\":null,\"boardId\":\"b825d684-b711-4ae2-b4b0-928a30613c49\",\"columnId\":null} [1ms]","timestamp":"2021-12-26 14:56:06"}
{"level":"info","message":"GET /c6e3167e-7f0f-4dac-9bd4-c96833c47eab 200 [0ms]","timestamp":"2021-12-26 14:56:06"}
{"level":"info","message":"GET /fab55b4a-f678-4ae3-a9e9-67fc37a9600a 200 [1ms]","timestamp":"2021-12-26 14:56:06"}
{"level":"info","message":"DELETE /fab55b4a-f678-4ae3-a9e9-67fc37a9600a 204 [1ms]","timestamp":"2021-12-26 14:56:06"}
{"level":"info","message":"GET /fab55b4a-f678-4ae3-a9e9-67fc37a9600a 404 [0ms]","timestamp":"2021-12-26 14:56:06"}
{"level":"info","message":"DELETE /b825d684-b711-4ae2-b4b0-928a30613c49 204 [0ms]","timestamp":"2021-12-26 14:56:06"}
{"level":"info","message":"POST / 400 {\"name\":\"Aleksey\",\"login\":\"test_user\",\"password\":\"T35t_P@55w0rd\"} [9ms]","timestamp":"2021-12-26 16:02:35"}
{"level":"info","message":"GET / 200 [0ms]","timestamp":"2021-12-26 16:02:51"}
{"level":"info","message":"POST / 201 {\"title\":\"'Autotest board'\",\"columns\":[{\"title\":\"'Backlog'\",\"order\":1}]} [0ms]","timestamp":"2021-12-26 16:04:19"}
{"level":"info","message":"POST / 400 {\"title1\":\"'Autotest board'\",\"columns\":[{\"title\":\"'Backlog'\",\"order\":1}]} [0ms]","timestamp":"2021-12-26 16:04:27"}
